This file contains any messages produced by compilers while
running configure, to aid debugging if configure makes a mistake.

It was created by libssh2 configure -, which was
generated by GNU Autoconf 2.69.  Invocation command line was

  $ ./configure --with-libssl-prefix=home/new/gitcode/jterm/openssl-1.0.1j --enable-debug

## --------- ##
## Platform. ##
## --------- ##

hostname = navlaptop
uname -m = x86_64
uname -r = 3.16-3-amd64
uname -s = Linux
uname -v = #1 SMP Debian 3.16.5-1 (2014-10-10)

/usr/bin/uname -p = unknown
/bin/uname -X     = unknown

/bin/arch              = unknown
/usr/bin/arch -k       = unknown
/usr/convex/getsysinfo = unknown
/usr/bin/hostinfo      = unknown
/bin/machine           = unknown
/usr/bin/oslevel       = unknown
/bin/universe          = unknown

PATH: /usr/local/bin
PATH: /usr/bin
PATH: /bin
PATH: /usr/local/games
PATH: /usr/games
PATH: /home/new/ems/emsdk_portable
PATH: /home/new/ems/emsdk_portable/clang/fastcomp/build_master_64/bin
PATH: /home/new/ems/emsdk_portable/emscripten/master
PATH: /home/new/ems/emsdk_portable
PATH: /home/new/ems/emsdk_portable/clang/fastcomp/build_master_64/bin
PATH: /home/new/ems/emsdk_portable/emscripten/master


## ----------- ##
## Core tests. ##
## ----------- ##

configure:2354: checking whether to enable maintainer-specific portions of Makefiles
configure:2363: result: no
configure:2379: checking for sed
configure:2398: found /bin/sed
configure:2411: result: /bin/sed
configure:2472: checking for a BSD-compatible install
configure:2540: result: /usr/bin/install -c
configure:2551: checking whether build environment is sane
configure:2606: result: yes
configure:2757: checking for a thread-safe mkdir -p
configure:2796: result: /bin/mkdir -p
configure:2803: checking for gawk
configure:2819: found /usr/bin/gawk
configure:2830: result: gawk
configure:2841: checking whether make sets $(MAKE)
configure:2863: result: yes
configure:2892: checking whether make supports nested variables
configure:2909: result: yes
configure:3035: checking libssh2 version
configure:3037: result: 1.4.4_DEV
configure:3048: checking build system type
configure:3062: result: x86_64-unknown-linux-gnu
configure:3082: checking host system type
configure:3095: result: x86_64-unknown-linux-gnu
configure:3122: autobuild project... libssh2
configure:3128: autobuild revision... 1.4.4_DEV
configure:3133: autobuild hostname... navlaptop
configure:3144: autobuild timestamp... 20141225-101300
configure:3185: checking for style of include used by make
configure:3213: result: GNU
configure:3284: checking for gcc
configure:3311: result: emcc
configure:3540: checking for C compiler version
configure:3549: emcc --version >&5
emcc (Emscripten GCC-like replacement) 1.27.0 (commit c4b8ad6343950fcd479908ca11d5dff8a8c4081c)
Copyright (C) 2014 the Emscripten authors (see AUTHORS.txt)
This is free and open source software under the MIT license.
There is NO warranty; not even for MERCHANTABILITY or FITNESS FOR A PARTICULAR PURPOSE.
  
configure:3560: $? = 0
configure:3549: emcc -v >&5
emcc (Emscripten GCC-like replacement + linker emulating GNU ld ) 1.27.0
clang version 3.3 
Target: x86_64-unknown-linux-gnu
Thread model: posix
INFO     root: [32m(Emscripten: Running sanity checks)[0m
configure:3560: $? = 0
configure:3549: emcc -V >&5
ERROR    root: [31mno input files
note that input files without a known suffix are ignored, make sure your input files end with one of: ('.c', '.C', '.cpp', '.cxx', '.cc', '.CPP', '.CXX', '.CC', '.m', '.mm', '.bc', '.o', '.obj', '.dylib', '.so', '.a', '.ll', '.h', '.hxx', '.hpp', '.hh', '.H', '.HXX', '.HPP', '.HH')[0m
configure:3560: $? = 0
configure:3549: emcc -qversion >&5
ERROR    root: [31mno input files
note that input files without a known suffix are ignored, make sure your input files end with one of: ('.c', '.C', '.cpp', '.cxx', '.cc', '.CPP', '.CXX', '.CC', '.m', '.mm', '.bc', '.o', '.obj', '.dylib', '.so', '.a', '.ll', '.h', '.hxx', '.hpp', '.hh', '.H', '.HXX', '.HPP', '.HH')[0m
configure:3560: $? = 0
configure:3580: checking whether the C compiler works
configure:3602: emcc -I/home/new/gitcode/jterm/openssl-1.0.1j/include   conftest.c  >&5
configure:3606: $? = 0
configure:3654: result: yes
configure:3657: checking for C compiler default output file name
configure:3659: result: a.out
configure:3665: checking for suffix of executables
configure:3672: emcc -o conftest -I/home/new/gitcode/jterm/openssl-1.0.1j/include   conftest.c  >&5
configure:3676: $? = 0
configure:3698: result: 
configure:3720: checking whether we are cross compiling
configure:3728: emcc -o conftest -I/home/new/gitcode/jterm/openssl-1.0.1j/include   conftest.c  >&5
configure:3732: $? = 0
configure:3739: ./conftest
configure:3743: $? = 0
configure:3758: result: no
configure:3763: checking for suffix of object files
configure:3785: emcc -c -I/home/new/gitcode/jterm/openssl-1.0.1j/include  conftest.c >&5
configure:3789: $? = 0
configure:3810: result: o
configure:3814: checking whether we are using the GNU C compiler
configure:3833: emcc -c -I/home/new/gitcode/jterm/openssl-1.0.1j/include  conftest.c >&5
configure:3833: $? = 0
configure:3842: result: yes
configure:3851: checking whether emcc accepts -g
configure:3871: emcc -c -g  conftest.c >&5
configure:3871: $? = 0
configure:3912: result: yes
configure:3929: checking for emcc option to accept ISO C89
configure:3992: emcc  -c -I/home/new/gitcode/jterm/openssl-1.0.1j/include  conftest.c >&5
configure:3992: $? = 0
configure:4005: result: none needed
configure:4030: checking whether emcc understands -c and -o together
configure:4052: emcc -c conftest.c -o conftest2.o
configure:4055: $? = 0
configure:4052: emcc -c conftest.c -o conftest2.o
configure:4055: $? = 0
configure:4067: result: yes
configure:4086: checking dependency style of emcc
configure:4197: result: gcc3
configure:4218: checking how to run the C preprocessor
configure:4249: emcc -E  conftest.c
configure:4249: $? = 0
configure:4263: emcc -E  conftest.c
conftest.c:11:10: fatal error: 'ac_nonexistent.h' file not found
#include <ac_nonexistent.h>
         ^
1 error generated.
configure:4263: $? = 1
configure: failed program was:
| /* confdefs.h */
| #define PACKAGE_NAME "libssh2"
| #define PACKAGE_TARNAME "libssh2"
| #define PACKAGE_VERSION "-"
| #define PACKAGE_STRING "libssh2 -"
| #define PACKAGE_BUGREPORT "libssh2-devel@cool.haxx.se"
| #define PACKAGE_URL ""
| #define PACKAGE "libssh2"
| #define VERSION "-"
| /* end confdefs.h.  */
| #include <ac_nonexistent.h>
configure:4288: result: emcc -E
configure:4308: emcc -E  conftest.c
configure:4308: $? = 0
configure:4322: emcc -E  conftest.c
conftest.c:11:10: fatal error: 'ac_nonexistent.h' file not found
#include <ac_nonexistent.h>
         ^
1 error generated.
configure:4322: $? = 1
configure: failed program was:
| /* confdefs.h */
| #define PACKAGE_NAME "libssh2"
| #define PACKAGE_TARNAME "libssh2"
| #define PACKAGE_VERSION "-"
| #define PACKAGE_STRING "libssh2 -"
| #define PACKAGE_BUGREPORT "libssh2-devel@cool.haxx.se"
| #define PACKAGE_URL ""
| #define PACKAGE "libssh2"
| #define VERSION "-"
| /* end confdefs.h.  */
| #include <ac_nonexistent.h>
configure:4351: checking for grep that handles long lines and -e
configure:4409: result: /bin/grep
configure:4414: checking for egrep
configure:4476: result: /bin/grep -E
configure:4481: checking for ANSI C header files
configure:4501: emcc -c -I/home/new/gitcode/jterm/openssl-1.0.1j/include  conftest.c >&5
configure:4501: $? = 0
configure:4574: emcc -o conftest -I/home/new/gitcode/jterm/openssl-1.0.1j/include   conftest.c  >&5
configure:4574: $? = 0
configure:4574: ./conftest
configure:4574: $? = 0
configure:4585: result: yes
configure:4598: checking for sys/types.h
configure:4598: emcc -c -I/home/new/gitcode/jterm/openssl-1.0.1j/include  conftest.c >&5
configure:4598: $? = 0
configure:4598: result: yes
configure:4598: checking for sys/stat.h
configure:4598: emcc -c -I/home/new/gitcode/jterm/openssl-1.0.1j/include  conftest.c >&5
configure:4598: $? = 0
configure:4598: result: yes
configure:4598: checking for stdlib.h
configure:4598: emcc -c -I/home/new/gitcode/jterm/openssl-1.0.1j/include  conftest.c >&5
configure:4598: $? = 0
configure:4598: result: yes
configure:4598: checking for string.h
configure:4598: emcc -c -I/home/new/gitcode/jterm/openssl-1.0.1j/include  conftest.c >&5
configure:4598: $? = 0
configure:4598: result: yes
configure:4598: checking for memory.h
configure:4598: emcc -c -I/home/new/gitcode/jterm/openssl-1.0.1j/include  conftest.c >&5
configure:4598: $? = 0
configure:4598: result: yes
configure:4598: checking for strings.h
configure:4598: emcc -c -I/home/new/gitcode/jterm/openssl-1.0.1j/include  conftest.c >&5
configure:4598: $? = 0
configure:4598: result: yes
configure:4598: checking for inttypes.h
configure:4598: emcc -c -I/home/new/gitcode/jterm/openssl-1.0.1j/include  conftest.c >&5
configure:4598: $? = 0
configure:4598: result: yes
configure:4598: checking for stdint.h
configure:4598: emcc -c -I/home/new/gitcode/jterm/openssl-1.0.1j/include  conftest.c >&5
configure:4598: $? = 0
configure:4598: result: yes
configure:4598: checking for unistd.h
configure:4598: emcc -c -I/home/new/gitcode/jterm/openssl-1.0.1j/include  conftest.c >&5
configure:4598: $? = 0
configure:4598: result: yes
configure:4610: checking for long long
configure:4610: emcc -c -I/home/new/gitcode/jterm/openssl-1.0.1j/include  conftest.c >&5
configure:4610: $? = 0
configure:4610: emcc -c -I/home/new/gitcode/jterm/openssl-1.0.1j/include  conftest.c >&5
conftest.c:57:24: error: expected expression
if (sizeof ((long long)))
                       ^
1 error generated.
configure:4610: $? = 1
configure: failed program was:
| /* confdefs.h */
| #define PACKAGE_NAME "libssh2"
| #define PACKAGE_TARNAME "libssh2"
| #define PACKAGE_VERSION "-"
| #define PACKAGE_STRING "libssh2 -"
| #define PACKAGE_BUGREPORT "libssh2-devel@cool.haxx.se"
| #define PACKAGE_URL ""
| #define PACKAGE "libssh2"
| #define VERSION "-"
| #define STDC_HEADERS 1
| #define HAVE_SYS_TYPES_H 1
| #define HAVE_SYS_STAT_H 1
| #define HAVE_STDLIB_H 1
| #define HAVE_STRING_H 1
| #define HAVE_MEMORY_H 1
| #define HAVE_STRINGS_H 1
| #define HAVE_INTTYPES_H 1
| #define HAVE_STDINT_H 1
| #define HAVE_UNISTD_H 1
| /* end confdefs.h.  */
| #include <stdio.h>
| #ifdef HAVE_SYS_TYPES_H
| # include <sys/types.h>
| #endif
| #ifdef HAVE_SYS_STAT_H
| # include <sys/stat.h>
| #endif
| #ifdef STDC_HEADERS
| # include <stdlib.h>
| # include <stddef.h>
| #else
| # ifdef HAVE_STDLIB_H
| #  include <stdlib.h>
| # endif
| #endif
| #ifdef HAVE_STRING_H
| # if !defined STDC_HEADERS && defined HAVE_MEMORY_H
| #  include <memory.h>
| # endif
| # include <string.h>
| #endif
| #ifdef HAVE_STRINGS_H
| # include <strings.h>
| #endif
| #ifdef HAVE_INTTYPES_H
| # include <inttypes.h>
| #endif
| #ifdef HAVE_STDINT_H
| # include <stdint.h>
| #endif
| #ifdef HAVE_UNISTD_H
| # include <unistd.h>
| #endif
| int
| main ()
| {
| if (sizeof ((long long)))
| 	    return 0;
|   ;
|   return 0;
| }
configure:4610: result: yes
configure:4622: checking if _REENTRANT is already defined
configure:4644: emcc -c -I/home/new/gitcode/jterm/openssl-1.0.1j/include  conftest.c >&5
conftest.c:32:7: error: use of undeclared identifier 'force'
      force compilation error
      ^
1 error generated.
configure:4644: $? = 1
configure: failed program was:
| /* confdefs.h */
| #define PACKAGE_NAME "libssh2"
| #define PACKAGE_TARNAME "libssh2"
| #define PACKAGE_VERSION "-"
| #define PACKAGE_STRING "libssh2 -"
| #define PACKAGE_BUGREPORT "libssh2-devel@cool.haxx.se"
| #define PACKAGE_URL ""
| #define PACKAGE "libssh2"
| #define VERSION "-"
| #define STDC_HEADERS 1
| #define HAVE_SYS_TYPES_H 1
| #define HAVE_SYS_STAT_H 1
| #define HAVE_STDLIB_H 1
| #define HAVE_STRING_H 1
| #define HAVE_MEMORY_H 1
| #define HAVE_STRINGS_H 1
| #define HAVE_INTTYPES_H 1
| #define HAVE_STDINT_H 1
| #define HAVE_UNISTD_H 1
| #define HAVE_LONGLONG 1
| /* end confdefs.h.  */
| 
| 
| 
| int
| main ()
| {
| 
| #ifdef _REENTRANT
|       int dummy=1;
| #else
|       force compilation error
| #endif
| 
|   ;
|   return 0;
| }
| 
configure:4652: result: no
configure:4660: checking if _REENTRANT is actually needed
configure:4677: result: no
configure:4682: checking if _REENTRANT is onwards defined
configure:4699: result: no
configure:4706: checking for library containing socket
configure:4737: emcc -o conftest -I/home/new/gitcode/jterm/openssl-1.0.1j/include   conftest.c  >&5
configure:4737: $? = 0
configure:4754: result: none required
configure:4764: checking for library containing inet_addr
configure:4795: emcc -o conftest -I/home/new/gitcode/jterm/openssl-1.0.1j/include   conftest.c  >&5
configure:4795: $? = 0
configure:4812: result: none required
configure:4871: checking for gcc
configure:4898: result: emcc
configure:5127: checking for C compiler version
configure:5136: emcc --version >&5
emcc (Emscripten GCC-like replacement) 1.27.0 (commit c4b8ad6343950fcd479908ca11d5dff8a8c4081c)
Copyright (C) 2014 the Emscripten authors (see AUTHORS.txt)
This is free and open source software under the MIT license.
There is NO warranty; not even for MERCHANTABILITY or FITNESS FOR A PARTICULAR PURPOSE.
  
configure:5147: $? = 0
configure:5136: emcc -v >&5
emcc (Emscripten GCC-like replacement + linker emulating GNU ld ) 1.27.0
clang version 3.3 
Target: x86_64-unknown-linux-gnu
Thread model: posix
INFO     root: [32m(Emscripten: Running sanity checks)[0m
configure:5147: $? = 0
configure:5136: emcc -V >&5
ERROR    root: [31mno input files
note that input files without a known suffix are ignored, make sure your input files end with one of: ('.c', '.C', '.cpp', '.cxx', '.cc', '.CPP', '.CXX', '.CC', '.m', '.mm', '.bc', '.o', '.obj', '.dylib', '.so', '.a', '.ll', '.h', '.hxx', '.hpp', '.hh', '.H', '.HXX', '.HPP', '.HH')[0m
configure:5147: $? = 0
configure:5136: emcc -qversion >&5
ERROR    root: [31mno input files
note that input files without a known suffix are ignored, make sure your input files end with one of: ('.c', '.C', '.cpp', '.cxx', '.cc', '.CPP', '.CXX', '.CC', '.m', '.mm', '.bc', '.o', '.obj', '.dylib', '.so', '.a', '.ll', '.h', '.hxx', '.hpp', '.hh', '.H', '.HXX', '.HPP', '.HH')[0m
configure:5147: $? = 0
configure:5151: checking whether we are using the GNU C compiler
configure:5179: result: yes
configure:5188: checking whether emcc accepts -g
configure:5249: result: yes
configure:5266: checking for emcc option to accept ISO C89
configure:5342: result: none needed
configure:5367: checking whether emcc understands -c and -o together
configure:5404: result: yes
configure:5423: checking dependency style of emcc
configure:5534: result: gcc3
configure:5550: checking whether ln -s works
configure:5554: result: yes
configure:5561: checking whether make sets $(MAKE)
configure:5583: result: yes
configure:5596: checking for sshd
configure:5614: found /usr/sbin/sshd
configure:5626: result: /usr/sbin/sshd
configure:5994: checking how to print strings
configure:6021: result: printf
configure:6042: checking for a sed that does not truncate output
configure:6106: result: /bin/sed
configure:6124: checking for fgrep
configure:6186: result: /bin/grep -F
configure:6221: checking for ld used by emcc
ERROR    root: [31mno input files
note that input files without a known suffix are ignored, make sure your input files end with one of: ('.c', '.C', '.cpp', '.cxx', '.cc', '.CPP', '.CXX', '.CC', '.m', '.mm', '.bc', '.o', '.obj', '.dylib', '.so', '.a', '.ll', '.h', '.hxx', '.hpp', '.hh', '.H', '.HXX', '.HPP', '.HH')[0m
configure:6288: result: /usr/bin/ld
configure:6295: checking if the linker (/usr/bin/ld) is GNU ld
configure:6310: result: yes
configure:6322: checking for BSD- or MS-compatible name lister (nm)
configure:6371: result: /usr/bin/nm -B
configure:6501: checking the name lister (/usr/bin/nm -B) interface
configure:6508: emcc -c -I/home/new/gitcode/jterm/openssl-1.0.1j/include  conftest.c >&5
configure:6511: /usr/bin/nm -B "conftest.o"
configure:6514: output
0000000000000000 B some_variable
configure:6521: result: BSD nm
configure:6525: checking the maximum length of command line arguments
configure:6656: result: 1572864
configure:6673: checking whether the shell understands some XSI constructs
configure:6683: result: yes
configure:6687: checking whether the shell understands "+="
configure:6693: result: yes
configure:6728: checking how to convert x86_64-unknown-linux-gnu file names to x86_64-unknown-linux-gnu format
configure:6768: result: func_convert_file_noop
configure:6775: checking how to convert x86_64-unknown-linux-gnu file names to toolchain format
configure:6795: result: func_convert_file_noop
configure:6802: checking for /usr/bin/ld option to reload object files
configure:6809: result: -r
configure:6883: checking for objdump
configure:6910: result: objdump
configure:6939: checking how to recognize dependent libraries
configure:7137: result: pass_all
configure:7222: checking for dlltool
configure:7249: result: dlltool
configure:7279: checking how to associate runtime and link libraries
configure:7306: result: printf %s\n
configure:7366: checking for ar
configure:7382: found /usr/bin/ar
configure:7393: result: ar
configure:7430: checking for archiver @FILE support
configure:7447: emcc -c -I/home/new/gitcode/jterm/openssl-1.0.1j/include  conftest.c >&5
configure:7447: $? = 0
configure:7450: ar cru libconftest.a @conftest.lst >&5
configure:7453: $? = 0
configure:7458: ar cru libconftest.a @conftest.lst >&5
ar: conftest.o: No such file or directory
configure:7461: $? = 1
configure:7473: result: @
configure:7531: checking for strip
configure:7547: found /usr/bin/strip
configure:7558: result: strip
configure:7630: checking for ranlib
configure:7646: found /usr/bin/ranlib
configure:7657: result: ranlib
configure:7759: checking command to parse /usr/bin/nm -B output from emcc object
configure:7879: emcc -c -I/home/new/gitcode/jterm/openssl-1.0.1j/include  conftest.c >&5
configure:7882: $? = 0
configure:7886: /usr/bin/nm -B conftest.o \| sed -n -e 's/^.*[ ]\([ABCDGIRSTW][ABCDGIRSTW]*\)[ ][ ]*\([_A-Za-z][_A-Za-z0-9]*\)$/\1 \2 \2/p' | sed '/ __gnu_lto/d' \> conftest.nm
configure:7889: $? = 0
configure:7955: emcc -o conftest -I/home/new/gitcode/jterm/openssl-1.0.1j/include   conftest.c conftstm.o >&5
configure:7958: $? = 0
configure:7996: result: ok
configure:8033: checking for sysroot
configure:8063: result: no
configure:8140: emcc -c -I/home/new/gitcode/jterm/openssl-1.0.1j/include  conftest.c >&5
configure:8143: $? = 0
configure:8332: checking for mt
configure:8348: found /bin/mt
configure:8359: result: mt
configure:8382: checking if mt is a manifest tool
configure:8388: mt '-?'
configure:8396: result: no
configure:9035: checking for dlfcn.h
configure:9035: emcc -c -I/home/new/gitcode/jterm/openssl-1.0.1j/include  conftest.c >&5
configure:9035: $? = 0
configure:9035: result: yes
configure:9239: checking for objdir
configure:9254: result: .libs
configure:9525: checking if emcc supports -fno-rtti -fno-exceptions
configure:9543: emcc -c -I/home/new/gitcode/jterm/openssl-1.0.1j/include  -fno-rtti -fno-exceptions conftest.c >&5
configure:9547: $? = 0
configure:9560: result: yes
configure:9887: checking for emcc option to produce PIC
configure:9894: result: -fPIC -DPIC
configure:9902: checking if emcc PIC flag -fPIC -DPIC works
configure:9920: emcc -c -I/home/new/gitcode/jterm/openssl-1.0.1j/include  -fPIC -DPIC -DPIC conftest.c >&5
configure:9924: $? = 0
configure:9937: result: yes
configure:9966: checking if emcc static flag -static works
configure:9994: result: yes
configure:10009: checking if emcc supports -c -o file.o
configure:10030: emcc -c -I/home/new/gitcode/jterm/openssl-1.0.1j/include  -o out/conftest2.o conftest.c >&5
configure:10034: $? = 0
configure:10056: result: yes
configure:10064: checking if emcc supports -c -o file.o
configure:10111: result: yes
configure:10144: checking whether the emcc linker (/usr/bin/ld -m elf_x86_64) supports shared libraries
configure:11301: result: yes
configure:11338: checking whether -lc should be explicitly linked in
configure:11346: emcc -c -I/home/new/gitcode/jterm/openssl-1.0.1j/include  conftest.c >&5
configure:11349: $? = 0
configure:11364: emcc -shared  -fPIC -DPIC conftest.o  -v -Wl,-soname -Wl,conftest -o conftest 2\>\&1 \| /bin/grep  -lc  \>/dev/null 2\>\&1
configure:11367: $? = 1
configure:11381: result: yes
configure:11541: checking dynamic linker characteristics
configure:12041: emcc -o conftest -I/home/new/gitcode/jterm/openssl-1.0.1j/include   -Wl,-rpath -Wl,/foo conftest.c  >&5
configure:12041: $? = 0
configure:12275: result: GNU/Linux ld.so
configure:12382: checking how to hardcode library paths into programs
configure:12407: result: immediate
configure:12947: checking whether stripping libraries is possible
configure:12952: result: yes
configure:12987: checking if libtool supports shared libraries
configure:12989: result: yes
configure:12992: checking whether to build shared libraries
configure:13013: result: yes
configure:13016: checking whether to build static libraries
configure:13020: result: yes
configure:13057: checking whether byte ordering is bigendian
configure:13072: emcc -c -I/home/new/gitcode/jterm/openssl-1.0.1j/include  conftest.c >&5
conftest.c:25:9: error: unknown type name 'not'
               not a universal capable compiler
               ^
conftest.c:25:14: error: expected ';' after top level declarator
               not a universal capable compiler
                    ^
                    ;
2 errors generated.
configure:13072: $? = 1
configure: failed program was:
| /* confdefs.h */
| #define PACKAGE_NAME "libssh2"
| #define PACKAGE_TARNAME "libssh2"
| #define PACKAGE_VERSION "-"
| #define PACKAGE_STRING "libssh2 -"
| #define PACKAGE_BUGREPORT "libssh2-devel@cool.haxx.se"
| #define PACKAGE_URL ""
| #define PACKAGE "libssh2"
| #define VERSION "-"
| #define STDC_HEADERS 1
| #define HAVE_SYS_TYPES_H 1
| #define HAVE_SYS_STAT_H 1
| #define HAVE_STDLIB_H 1
| #define HAVE_STRING_H 1
| #define HAVE_MEMORY_H 1
| #define HAVE_STRINGS_H 1
| #define HAVE_INTTYPES_H 1
| #define HAVE_STDINT_H 1
| #define HAVE_UNISTD_H 1
| #define HAVE_LONGLONG 1
| #define HAVE_DLFCN_H 1
| #define LT_OBJDIR ".libs/"
| /* end confdefs.h.  */
| #ifndef __APPLE_CC__
| 	       not a universal capable compiler
| 	     #endif
| 	     typedef int dummy;
| 
configure:13117: emcc -c -I/home/new/gitcode/jterm/openssl-1.0.1j/include  conftest.c >&5
configure:13117: $? = 0
configure:13135: emcc -c -I/home/new/gitcode/jterm/openssl-1.0.1j/include  conftest.c >&5
conftest.c:31:4: error: use of undeclared identifier 'not'
                 not big endian
                 ^
1 error generated.
configure:13135: $? = 1
configure: failed program was:
| /* confdefs.h */
| #define PACKAGE_NAME "libssh2"
| #define PACKAGE_TARNAME "libssh2"
| #define PACKAGE_VERSION "-"
| #define PACKAGE_STRING "libssh2 -"
| #define PACKAGE_BUGREPORT "libssh2-devel@cool.haxx.se"
| #define PACKAGE_URL ""
| #define PACKAGE "libssh2"
| #define VERSION "-"
| #define STDC_HEADERS 1
| #define HAVE_SYS_TYPES_H 1
| #define HAVE_SYS_STAT_H 1
| #define HAVE_STDLIB_H 1
| #define HAVE_STRING_H 1
| #define HAVE_MEMORY_H 1
| #define HAVE_STRINGS_H 1
| #define HAVE_INTTYPES_H 1
| #define HAVE_STDINT_H 1
| #define HAVE_UNISTD_H 1
| #define HAVE_LONGLONG 1
| #define HAVE_DLFCN_H 1
| #define LT_OBJDIR ".libs/"
| /* end confdefs.h.  */
| #include <sys/types.h>
| 		#include <sys/param.h>
| 
| int
| main ()
| {
| #if BYTE_ORDER != BIG_ENDIAN
| 		 not big endian
| 		#endif
| 
|   ;
|   return 0;
| }
configure:13263: result: no
configure:13289: checking for special C compiler options needed for large files
configure:13334: result: no
configure:13340: checking for _FILE_OFFSET_BITS value needed for large files
configure:13365: emcc -c -I/home/new/gitcode/jterm/openssl-1.0.1j/include  conftest.c >&5
conftest.c:30:23: warning: signed shift result (0x4000000000000000) requires 63 bits to represent, but 'off_t' (aka 'int') only has 32 bits [-Wshift-overflow]
  int off_t_is_large[(LARGE_OFF_T % 2147483629 == 721
                      ^~~~~~~~~~~
conftest.c:29:41: note: expanded from macro 'LARGE_OFF_T'
#define LARGE_OFF_T ((((off_t) 1 << 31) << 31) - 1 + (((off_t) 1 << 31) << 31))
                      ~~~~~~~~~~~~~~~~~ ^  ~~
conftest.c:30:23: warning: signed shift result (0x4000000000000000) requires 63 bits to represent, but 'off_t' (aka 'int') only has 32 bits [-Wshift-overflow]
  int off_t_is_large[(LARGE_OFF_T % 2147483629 == 721
                      ^~~~~~~~~~~
conftest.c:29:73: note: expanded from macro 'LARGE_OFF_T'
#define LARGE_OFF_T ((((off_t) 1 << 31) << 31) - 1 + (((off_t) 1 << 31) << 31))
                                                      ~~~~~~~~~~~~~~~~~ ^  ~~
conftest.c:31:13: warning: signed shift result (0x4000000000000000) requires 63 bits to represent, but 'off_t' (aka 'int') only has 32 bits [-Wshift-overflow]
                       && LARGE_OFF_T % 2147483647 == 1)
                          ^~~~~~~~~~~
conftest.c:29:41: note: expanded from macro 'LARGE_OFF_T'
#define LARGE_OFF_T ((((off_t) 1 << 31) << 31) - 1 + (((off_t) 1 << 31) << 31))
                      ~~~~~~~~~~~~~~~~~ ^  ~~
conftest.c:31:13: warning: signed shift result (0x4000000000000000) requires 63 bits to represent, but 'off_t' (aka 'int') only has 32 bits [-Wshift-overflow]
                       && LARGE_OFF_T % 2147483647 == 1)
                          ^~~~~~~~~~~
conftest.c:29:73: note: expanded from macro 'LARGE_OFF_T'
#define LARGE_OFF_T ((((off_t) 1 << 31) << 31) - 1 + (((off_t) 1 << 31) << 31))
                                                      ~~~~~~~~~~~~~~~~~ ^  ~~
conftest.c:30:22: error: 'off_t_is_large' declared as an array with a negative size
  int off_t_is_large[(LARGE_OFF_T % 2147483629 == 721
                     ^~~~~~~~~~~~~~~~~~~~~~~~~~~~~~~~
4 warnings and 1 error generated.
configure:13365: $? = 1
configure: failed program was:
| /* confdefs.h */
| #define PACKAGE_NAME "libssh2"
| #define PACKAGE_TARNAME "libssh2"
| #define PACKAGE_VERSION "-"
| #define PACKAGE_STRING "libssh2 -"
| #define PACKAGE_BUGREPORT "libssh2-devel@cool.haxx.se"
| #define PACKAGE_URL ""
| #define PACKAGE "libssh2"
| #define VERSION "-"
| #define STDC_HEADERS 1
| #define HAVE_SYS_TYPES_H 1
| #define HAVE_SYS_STAT_H 1
| #define HAVE_STDLIB_H 1
| #define HAVE_STRING_H 1
| #define HAVE_MEMORY_H 1
| #define HAVE_STRINGS_H 1
| #define HAVE_INTTYPES_H 1
| #define HAVE_STDINT_H 1
| #define HAVE_UNISTD_H 1
| #define HAVE_LONGLONG 1
| #define HAVE_DLFCN_H 1
| #define LT_OBJDIR ".libs/"
| /* end confdefs.h.  */
| #include <sys/types.h>
|  /* Check that off_t can represent 2**63 - 1 correctly.
|     We can't simply define LARGE_OFF_T to be 9223372036854775807,
|     since some C++ compilers masquerading as C compilers
|     incorrectly reject 9223372036854775807.  */
| #define LARGE_OFF_T ((((off_t) 1 << 31) << 31) - 1 + (((off_t) 1 << 31) << 31))
|   int off_t_is_large[(LARGE_OFF_T % 2147483629 == 721
| 		       && LARGE_OFF_T % 2147483647 == 1)
| 		      ? 1 : -1];
| int
| main ()
| {
| 
|   ;
|   return 0;
| }
configure:13389: emcc -c -I/home/new/gitcode/jterm/openssl-1.0.1j/include  conftest.c >&5
conftest.c:31:23: warning: signed shift result (0x4000000000000000) requires 63 bits to represent, but 'off_t' (aka 'int') only has 32 bits [-Wshift-overflow]
  int off_t_is_large[(LARGE_OFF_T % 2147483629 == 721
                      ^~~~~~~~~~~
conftest.c:30:41: note: expanded from macro 'LARGE_OFF_T'
#define LARGE_OFF_T ((((off_t) 1 << 31) << 31) - 1 + (((off_t) 1 << 31) << 31))
                      ~~~~~~~~~~~~~~~~~ ^  ~~
conftest.c:31:23: warning: signed shift result (0x4000000000000000) requires 63 bits to represent, but 'off_t' (aka 'int') only has 32 bits [-Wshift-overflow]
  int off_t_is_large[(LARGE_OFF_T % 2147483629 == 721
                      ^~~~~~~~~~~
conftest.c:30:73: note: expanded from macro 'LARGE_OFF_T'
#define LARGE_OFF_T ((((off_t) 1 << 31) << 31) - 1 + (((off_t) 1 << 31) << 31))
                                                      ~~~~~~~~~~~~~~~~~ ^  ~~
conftest.c:32:13: warning: signed shift result (0x4000000000000000) requires 63 bits to represent, but 'off_t' (aka 'int') only has 32 bits [-Wshift-overflow]
                       && LARGE_OFF_T % 2147483647 == 1)
                          ^~~~~~~~~~~
conftest.c:30:41: note: expanded from macro 'LARGE_OFF_T'
#define LARGE_OFF_T ((((off_t) 1 << 31) << 31) - 1 + (((off_t) 1 << 31) << 31))
                      ~~~~~~~~~~~~~~~~~ ^  ~~
conftest.c:32:13: warning: signed shift result (0x4000000000000000) requires 63 bits to represent, but 'off_t' (aka 'int') only has 32 bits [-Wshift-overflow]
                       && LARGE_OFF_T % 2147483647 == 1)
                          ^~~~~~~~~~~
conftest.c:30:73: note: expanded from macro 'LARGE_OFF_T'
#define LARGE_OFF_T ((((off_t) 1 << 31) << 31) - 1 + (((off_t) 1 << 31) << 31))
                                                      ~~~~~~~~~~~~~~~~~ ^  ~~
conftest.c:31:22: error: 'off_t_is_large' declared as an array with a negative size
  int off_t_is_large[(LARGE_OFF_T % 2147483629 == 721
                     ^~~~~~~~~~~~~~~~~~~~~~~~~~~~~~~~
4 warnings and 1 error generated.
configure:13389: $? = 1
configure: failed program was:
| /* confdefs.h */
| #define PACKAGE_NAME "libssh2"
| #define PACKAGE_TARNAME "libssh2"
| #define PACKAGE_VERSION "-"
| #define PACKAGE_STRING "libssh2 -"
| #define PACKAGE_BUGREPORT "libssh2-devel@cool.haxx.se"
| #define PACKAGE_URL ""
| #define PACKAGE "libssh2"
| #define VERSION "-"
| #define STDC_HEADERS 1
| #define HAVE_SYS_TYPES_H 1
| #define HAVE_SYS_STAT_H 1
| #define HAVE_STDLIB_H 1
| #define HAVE_STRING_H 1
| #define HAVE_MEMORY_H 1
| #define HAVE_STRINGS_H 1
| #define HAVE_INTTYPES_H 1
| #define HAVE_STDINT_H 1
| #define HAVE_UNISTD_H 1
| #define HAVE_LONGLONG 1
| #define HAVE_DLFCN_H 1
| #define LT_OBJDIR ".libs/"
| /* end confdefs.h.  */
| #define _FILE_OFFSET_BITS 64
| #include <sys/types.h>
|  /* Check that off_t can represent 2**63 - 1 correctly.
|     We can't simply define LARGE_OFF_T to be 9223372036854775807,
|     since some C++ compilers masquerading as C compilers
|     incorrectly reject 9223372036854775807.  */
| #define LARGE_OFF_T ((((off_t) 1 << 31) << 31) - 1 + (((off_t) 1 << 31) << 31))
|   int off_t_is_large[(LARGE_OFF_T % 2147483629 == 721
| 		       && LARGE_OFF_T % 2147483647 == 1)
| 		      ? 1 : -1];
| int
| main ()
| {
| 
|   ;
|   return 0;
| }
configure:13397: result: unknown
configure:13409: checking for _LARGE_FILES value needed for large files
configure:13434: emcc -c -I/home/new/gitcode/jterm/openssl-1.0.1j/include  conftest.c >&5
conftest.c:30:23: warning: signed shift result (0x4000000000000000) requires 63 bits to represent, but 'off_t' (aka 'int') only has 32 bits [-Wshift-overflow]
  int off_t_is_large[(LARGE_OFF_T % 2147483629 == 721
                      ^~~~~~~~~~~
conftest.c:29:41: note: expanded from macro 'LARGE_OFF_T'
#define LARGE_OFF_T ((((off_t) 1 << 31) << 31) - 1 + (((off_t) 1 << 31) << 31))
                      ~~~~~~~~~~~~~~~~~ ^  ~~
conftest.c:30:23: warning: signed shift result (0x4000000000000000) requires 63 bits to represent, but 'off_t' (aka 'int') only has 32 bits [-Wshift-overflow]
  int off_t_is_large[(LARGE_OFF_T % 2147483629 == 721
                      ^~~~~~~~~~~
conftest.c:29:73: note: expanded from macro 'LARGE_OFF_T'
#define LARGE_OFF_T ((((off_t) 1 << 31) << 31) - 1 + (((off_t) 1 << 31) << 31))
                                                      ~~~~~~~~~~~~~~~~~ ^  ~~
conftest.c:31:13: warning: signed shift result (0x4000000000000000) requires 63 bits to represent, but 'off_t' (aka 'int') only has 32 bits [-Wshift-overflow]
                       && LARGE_OFF_T % 2147483647 == 1)
                          ^~~~~~~~~~~
conftest.c:29:41: note: expanded from macro 'LARGE_OFF_T'
#define LARGE_OFF_T ((((off_t) 1 << 31) << 31) - 1 + (((off_t) 1 << 31) << 31))
                      ~~~~~~~~~~~~~~~~~ ^  ~~
conftest.c:31:13: warning: signed shift result (0x4000000000000000) requires 63 bits to represent, but 'off_t' (aka 'int') only has 32 bits [-Wshift-overflow]
                       && LARGE_OFF_T % 2147483647 == 1)
                          ^~~~~~~~~~~
conftest.c:29:73: note: expanded from macro 'LARGE_OFF_T'
#define LARGE_OFF_T ((((off_t) 1 << 31) << 31) - 1 + (((off_t) 1 << 31) << 31))
                                                      ~~~~~~~~~~~~~~~~~ ^  ~~
conftest.c:30:22: error: 'off_t_is_large' declared as an array with a negative size
  int off_t_is_large[(LARGE_OFF_T % 2147483629 == 721
                     ^~~~~~~~~~~~~~~~~~~~~~~~~~~~~~~~
4 warnings and 1 error generated.
configure:13434: $? = 1
configure: failed program was:
| /* confdefs.h */
| #define PACKAGE_NAME "libssh2"
| #define PACKAGE_TARNAME "libssh2"
| #define PACKAGE_VERSION "-"
| #define PACKAGE_STRING "libssh2 -"
| #define PACKAGE_BUGREPORT "libssh2-devel@cool.haxx.se"
| #define PACKAGE_URL ""
| #define PACKAGE "libssh2"
| #define VERSION "-"
| #define STDC_HEADERS 1
| #define HAVE_SYS_TYPES_H 1
| #define HAVE_SYS_STAT_H 1
| #define HAVE_STDLIB_H 1
| #define HAVE_STRING_H 1
| #define HAVE_MEMORY_H 1
| #define HAVE_STRINGS_H 1
| #define HAVE_INTTYPES_H 1
| #define HAVE_STDINT_H 1
| #define HAVE_UNISTD_H 1
| #define HAVE_LONGLONG 1
| #define HAVE_DLFCN_H 1
| #define LT_OBJDIR ".libs/"
| /* end confdefs.h.  */
| #include <sys/types.h>
|  /* Check that off_t can represent 2**63 - 1 correctly.
|     We can't simply define LARGE_OFF_T to be 9223372036854775807,
|     since some C++ compilers masquerading as C compilers
|     incorrectly reject 9223372036854775807.  */
| #define LARGE_OFF_T ((((off_t) 1 << 31) << 31) - 1 + (((off_t) 1 << 31) << 31))
|   int off_t_is_large[(LARGE_OFF_T % 2147483629 == 721
| 		       && LARGE_OFF_T % 2147483647 == 1)
| 		      ? 1 : -1];
| int
| main ()
| {
| 
|   ;
|   return 0;
| }
configure:13458: emcc -c -I/home/new/gitcode/jterm/openssl-1.0.1j/include  conftest.c >&5
conftest.c:31:23: warning: signed shift result (0x4000000000000000) requires 63 bits to represent, but 'off_t' (aka 'int') only has 32 bits [-Wshift-overflow]
  int off_t_is_large[(LARGE_OFF_T % 2147483629 == 721
                      ^~~~~~~~~~~
conftest.c:30:41: note: expanded from macro 'LARGE_OFF_T'
#define LARGE_OFF_T ((((off_t) 1 << 31) << 31) - 1 + (((off_t) 1 << 31) << 31))
                      ~~~~~~~~~~~~~~~~~ ^  ~~
conftest.c:31:23: warning: signed shift result (0x4000000000000000) requires 63 bits to represent, but 'off_t' (aka 'int') only has 32 bits [-Wshift-overflow]
  int off_t_is_large[(LARGE_OFF_T % 2147483629 == 721
                      ^~~~~~~~~~~
conftest.c:30:73: note: expanded from macro 'LARGE_OFF_T'
#define LARGE_OFF_T ((((off_t) 1 << 31) << 31) - 1 + (((off_t) 1 << 31) << 31))
                                                      ~~~~~~~~~~~~~~~~~ ^  ~~
conftest.c:32:13: warning: signed shift result (0x4000000000000000) requires 63 bits to represent, but 'off_t' (aka 'int') only has 32 bits [-Wshift-overflow]
                       && LARGE_OFF_T % 2147483647 == 1)
                          ^~~~~~~~~~~
conftest.c:30:41: note: expanded from macro 'LARGE_OFF_T'
#define LARGE_OFF_T ((((off_t) 1 << 31) << 31) - 1 + (((off_t) 1 << 31) << 31))
                      ~~~~~~~~~~~~~~~~~ ^  ~~
conftest.c:32:13: warning: signed shift result (0x4000000000000000) requires 63 bits to represent, but 'off_t' (aka 'int') only has 32 bits [-Wshift-overflow]
                       && LARGE_OFF_T % 2147483647 == 1)
                          ^~~~~~~~~~~
conftest.c:30:73: note: expanded from macro 'LARGE_OFF_T'
#define LARGE_OFF_T ((((off_t) 1 << 31) << 31) - 1 + (((off_t) 1 << 31) << 31))
                                                      ~~~~~~~~~~~~~~~~~ ^  ~~
conftest.c:31:22: error: 'off_t_is_large' declared as an array with a negative size
  int off_t_is_large[(LARGE_OFF_T % 2147483629 == 721
                     ^~~~~~~~~~~~~~~~~~~~~~~~~~~~~~~~
4 warnings and 1 error generated.
configure:13458: $? = 1
configure: failed program was:
| /* confdefs.h */
| #define PACKAGE_NAME "libssh2"
| #define PACKAGE_TARNAME "libssh2"
| #define PACKAGE_VERSION "-"
| #define PACKAGE_STRING "libssh2 -"
| #define PACKAGE_BUGREPORT "libssh2-devel@cool.haxx.se"
| #define PACKAGE_URL ""
| #define PACKAGE "libssh2"
| #define VERSION "-"
| #define STDC_HEADERS 1
| #define HAVE_SYS_TYPES_H 1
| #define HAVE_SYS_STAT_H 1
| #define HAVE_STDLIB_H 1
| #define HAVE_STRING_H 1
| #define HAVE_MEMORY_H 1
| #define HAVE_STRINGS_H 1
| #define HAVE_INTTYPES_H 1
| #define HAVE_STDINT_H 1
| #define HAVE_UNISTD_H 1
| #define HAVE_LONGLONG 1
| #define HAVE_DLFCN_H 1
| #define LT_OBJDIR ".libs/"
| /* end confdefs.h.  */
| #define _LARGE_FILES 1
| #include <sys/types.h>
|  /* Check that off_t can represent 2**63 - 1 correctly.
|     We can't simply define LARGE_OFF_T to be 9223372036854775807,
|     since some C++ compilers masquerading as C compilers
|     incorrectly reject 9223372036854775807.  */
| #define LARGE_OFF_T ((((off_t) 1 << 31) << 31) - 1 + (((off_t) 1 << 31) << 31))
|   int off_t_is_large[(LARGE_OFF_T % 2147483629 == 721
| 		       && LARGE_OFF_T % 2147483647 == 1)
| 		      ? 1 : -1];
| int
| main ()
| {
| 
|   ;
|   return 0;
| }
configure:13466: result: unknown
configure:13561: checking for ld used by GCC
ERROR    root: [31mno input files
note that input files without a known suffix are ignored, make sure your input files end with one of: ('.c', '.C', '.cpp', '.cxx', '.cc', '.CPP', '.CXX', '.CC', '.m', '.mm', '.bc', '.o', '.obj', '.dylib', '.so', '.a', '.ll', '.h', '.hxx', '.hpp', '.hh', '.H', '.HXX', '.HPP', '.HH')[0m
configure:13625: result: /usr/bin/ld -m elf_x86_64
configure:13632: checking if the linker (/usr/bin/ld -m elf_x86_64) is GNU ld
configure:13645: result: yes
configure:13652: checking for shared library run path origin
configure:13665: result: done
configure:14170: checking for libssl
configure:14189: emcc -o conftest -I/home/new/gitcode/jterm/openssl-1.0.1j/include   conftest.c  -lssl -lcrypto >&5
configure:14189: $? = 0
configure:14199: result: yes
configure:14206: checking how to link with libssl
configure:14208: result: -lssl -lcrypto
configure:14236: checking for EVP_aes_128_ctr
configure:14236: emcc -o conftest -I/home/new/gitcode/jterm/openssl-1.0.1j/include   conftest.c  -lssl -lcrypto >&5
configure:14236: $? = 0
configure:14236: result: yes
configure:16364: checking for libz
configure:16383: emcc -o conftest -I/home/new/gitcode/jterm/openssl-1.0.1j/include   conftest.c  -lz >&5
conftest.c:27:10: fatal error: 'zlib.h' file not found
#include <zlib.h>
         ^
1 error generated.
configure:16383: $? = 1
configure: failed program was:
| /* confdefs.h */
| #define PACKAGE_NAME "libssh2"
| #define PACKAGE_TARNAME "libssh2"
| #define PACKAGE_VERSION "-"
| #define PACKAGE_STRING "libssh2 -"
| #define PACKAGE_BUGREPORT "libssh2-devel@cool.haxx.se"
| #define PACKAGE_URL ""
| #define PACKAGE "libssh2"
| #define VERSION "-"
| #define STDC_HEADERS 1
| #define HAVE_SYS_TYPES_H 1
| #define HAVE_SYS_STAT_H 1
| #define HAVE_STDLIB_H 1
| #define HAVE_STRING_H 1
| #define HAVE_MEMORY_H 1
| #define HAVE_STRINGS_H 1
| #define HAVE_INTTYPES_H 1
| #define HAVE_STDINT_H 1
| #define HAVE_UNISTD_H 1
| #define HAVE_LONGLONG 1
| #define HAVE_DLFCN_H 1
| #define LT_OBJDIR ".libs/"
| #define HAVE_LIBSSL 1
| #define LIBSSH2_OPENSSL 1
| #define HAVE_EVP_AES_128_CTR 1
| /* end confdefs.h.  */
| #include <zlib.h>
| int
| main ()
| {
| 
|   ;
|   return 0;
| }
configure:16393: result: no
configure:16419: Cannot find zlib, disabling compression
configure:16421: Try --with-libz-prefix=PATH if you know you have it
configure:16466: checking whether to enable pedantic and debug compiler options
configure:16475: result: yes
configure:16485: checking for icc in use
configure:16507: result: no
configure:16515: checking gcc version
configure:16521: result: 
configure:16573: Added this set of compiler options: -W -Wall -Wwrite-strings -pedantic -Wpointer-arith -Wnested-externs -Winline -Wmissing-prototypes
configure:16605: checking whether to enable hidden symbols in the library
configure:16646: result: no
configure:16653: checking whether to build example applications
configure:16669: result: yes
configure:16685: checking errno.h usability
configure:16685: emcc -c  -I/home/new/gitcode/jterm/openssl-1.0.1j/include -g -W -Wall -Wwrite-strings -pedantic -Wpointer-arith -Wnested-externs -Winline -Wmissing-prototypes  -DLIBSSH2DEBUG conftest.c >&5
configure:16685: $? = 0
configure:16685: result: yes
configure:16685: checking errno.h presence
configure:16685: emcc -E  -DLIBSSH2DEBUG conftest.c
configure:16685: $? = 0
configure:16685: result: yes
configure:16685: checking for errno.h
configure:16685: result: yes
configure:16685: checking fcntl.h usability
configure:16685: emcc -c  -I/home/new/gitcode/jterm/openssl-1.0.1j/include -g -W -Wall -Wwrite-strings -pedantic -Wpointer-arith -Wnested-externs -Winline -Wmissing-prototypes  -DLIBSSH2DEBUG conftest.c >&5
configure:16685: $? = 0
configure:16685: result: yes
configure:16685: checking fcntl.h presence
configure:16685: emcc -E  -DLIBSSH2DEBUG conftest.c
configure:16685: $? = 0
configure:16685: result: yes
configure:16685: checking for fcntl.h
configure:16685: result: yes
configure:16685: checking stdio.h usability
configure:16685: emcc -c  -I/home/new/gitcode/jterm/openssl-1.0.1j/include -g -W -Wall -Wwrite-strings -pedantic -Wpointer-arith -Wnested-externs -Winline -Wmissing-prototypes  -DLIBSSH2DEBUG conftest.c >&5
configure:16685: $? = 0
configure:16685: result: yes
configure:16685: checking stdio.h presence
configure:16685: emcc -E  -DLIBSSH2DEBUG conftest.c
configure:16685: $? = 0
configure:16685: result: yes
configure:16685: checking for stdio.h
configure:16685: result: yes
configure:16685: checking for stdlib.h
configure:16685: result: yes
configure:16685: checking for unistd.h
configure:16685: result: yes
configure:16685: checking sys/uio.h usability
configure:16685: emcc -c  -I/home/new/gitcode/jterm/openssl-1.0.1j/include -g -W -Wall -Wwrite-strings -pedantic -Wpointer-arith -Wnested-externs -Winline -Wmissing-prototypes  -DLIBSSH2DEBUG conftest.c >&5
configure:16685: $? = 0
configure:16685: result: yes
configure:16685: checking sys/uio.h presence
configure:16685: emcc -E  -DLIBSSH2DEBUG conftest.c
configure:16685: $? = 0
configure:16685: result: yes
configure:16685: checking for sys/uio.h
configure:16685: result: yes
configure:16698: checking sys/select.h usability
configure:16698: emcc -c  -I/home/new/gitcode/jterm/openssl-1.0.1j/include -g -W -Wall -Wwrite-strings -pedantic -Wpointer-arith -Wnested-externs -Winline -Wmissing-prototypes  -DLIBSSH2DEBUG conftest.c >&5
configure:16698: $? = 0
configure:16698: result: yes
configure:16698: checking sys/select.h presence
configure:16698: emcc -E  -DLIBSSH2DEBUG conftest.c
configure:16698: $? = 0
configure:16698: result: yes
configure:16698: checking for sys/select.h
configure:16698: result: yes
configure:16698: checking sys/socket.h usability
configure:16698: emcc -c  -I/home/new/gitcode/jterm/openssl-1.0.1j/include -g -W -Wall -Wwrite-strings -pedantic -Wpointer-arith -Wnested-externs -Winline -Wmissing-prototypes  -DLIBSSH2DEBUG conftest.c >&5
configure:16698: $? = 0
configure:16698: result: yes
configure:16698: checking sys/socket.h presence
configure:16698: emcc -E  -DLIBSSH2DEBUG conftest.c
configure:16698: $? = 0
configure:16698: result: yes
configure:16698: checking for sys/socket.h
configure:16698: result: yes
configure:16698: checking sys/ioctl.h usability
configure:16698: emcc -c  -I/home/new/gitcode/jterm/openssl-1.0.1j/include -g -W -Wall -Wwrite-strings -pedantic -Wpointer-arith -Wnested-externs -Winline -Wmissing-prototypes  -DLIBSSH2DEBUG conftest.c >&5
configure:16698: $? = 0
configure:16698: result: yes
configure:16698: checking sys/ioctl.h presence
configure:16698: emcc -E  -DLIBSSH2DEBUG conftest.c
configure:16698: $? = 0
configure:16698: result: yes
configure:16698: checking for sys/ioctl.h
configure:16698: result: yes
configure:16698: checking sys/time.h usability
configure:16698: emcc -c  -I/home/new/gitcode/jterm/openssl-1.0.1j/include -g -W -Wall -Wwrite-strings -pedantic -Wpointer-arith -Wnested-externs -Winline -Wmissing-prototypes  -DLIBSSH2DEBUG conftest.c >&5
configure:16698: $? = 0
configure:16698: result: yes
configure:16698: checking sys/time.h presence
configure:16698: emcc -E  -DLIBSSH2DEBUG conftest.c
configure:16698: $? = 0
configure:16698: result: yes
configure:16698: checking for sys/time.h
configure:16698: result: yes
configure:16711: checking arpa/inet.h usability
configure:16711: emcc -c  -I/home/new/gitcode/jterm/openssl-1.0.1j/include -g -W -Wall -Wwrite-strings -pedantic -Wpointer-arith -Wnested-externs -Winline -Wmissing-prototypes  -DLIBSSH2DEBUG conftest.c >&5
configure:16711: $? = 0
configure:16711: result: yes
configure:16711: checking arpa/inet.h presence
configure:16711: emcc -E  -DLIBSSH2DEBUG conftest.c
configure:16711: $? = 0
configure:16711: result: yes
configure:16711: checking for arpa/inet.h
configure:16711: result: yes
configure:16711: checking netinet/in.h usability
configure:16711: emcc -c  -I/home/new/gitcode/jterm/openssl-1.0.1j/include -g -W -Wall -Wwrite-strings -pedantic -Wpointer-arith -Wnested-externs -Winline -Wmissing-prototypes  -DLIBSSH2DEBUG conftest.c >&5
configure:16711: $? = 0
configure:16711: result: yes
configure:16711: checking netinet/in.h presence
configure:16711: emcc -E  -DLIBSSH2DEBUG conftest.c
configure:16711: $? = 0
configure:16711: result: yes
configure:16711: checking for netinet/in.h
configure:16711: result: yes
configure:16723: checking sys/un.h usability
configure:16723: emcc -c  -I/home/new/gitcode/jterm/openssl-1.0.1j/include -g -W -Wall -Wwrite-strings -pedantic -Wpointer-arith -Wnested-externs -Winline -Wmissing-prototypes  -DLIBSSH2DEBUG conftest.c >&5
configure:16723: $? = 0
configure:16723: result: yes
configure:16723: checking sys/un.h presence
configure:16723: emcc -E  -DLIBSSH2DEBUG conftest.c
configure:16723: $? = 0
configure:16723: result: yes
configure:16723: checking for sys/un.h
configure:16723: result: yes
configure:16752: checking windows.h usability
configure:16752: emcc -c  -I/home/new/gitcode/jterm/openssl-1.0.1j/include -g -W -Wall -Wwrite-strings -pedantic -Wpointer-arith -Wnested-externs -Winline -Wmissing-prototypes  -DLIBSSH2DEBUG conftest.c >&5
conftest.c:74:10: fatal error: 'windows.h' file not found
#include <windows.h>
         ^
1 error generated.
configure:16752: $? = 1
configure: failed program was:
| /* confdefs.h */
| #define PACKAGE_NAME "libssh2"
| #define PACKAGE_TARNAME "libssh2"
| #define PACKAGE_VERSION "-"
| #define PACKAGE_STRING "libssh2 -"
| #define PACKAGE_BUGREPORT "libssh2-devel@cool.haxx.se"
| #define PACKAGE_URL ""
| #define PACKAGE "libssh2"
| #define VERSION "-"
| #define STDC_HEADERS 1
| #define HAVE_SYS_TYPES_H 1
| #define HAVE_SYS_STAT_H 1
| #define HAVE_STDLIB_H 1
| #define HAVE_STRING_H 1
| #define HAVE_MEMORY_H 1
| #define HAVE_STRINGS_H 1
| #define HAVE_INTTYPES_H 1
| #define HAVE_STDINT_H 1
| #define HAVE_UNISTD_H 1
| #define HAVE_LONGLONG 1
| #define HAVE_DLFCN_H 1
| #define LT_OBJDIR ".libs/"
| #define HAVE_LIBSSL 1
| #define LIBSSH2_OPENSSL 1
| #define HAVE_EVP_AES_128_CTR 1
| #define LIBSSH2_DH_GEX_NEW 1
| #define HAVE_ERRNO_H 1
| #define HAVE_FCNTL_H 1
| #define HAVE_STDIO_H 1
| #define HAVE_STDLIB_H 1
| #define HAVE_UNISTD_H 1
| #define HAVE_SYS_UIO_H 1
| #define HAVE_SYS_SELECT_H 1
| #define HAVE_SYS_SOCKET_H 1
| #define HAVE_SYS_IOCTL_H 1
| #define HAVE_SYS_TIME_H 1
| #define HAVE_ARPA_INET_H 1
| #define HAVE_NETINET_IN_H 1
| #define HAVE_SYS_UN_H 1
| /* end confdefs.h.  */
| #include <stdio.h>
| #ifdef HAVE_SYS_TYPES_H
| # include <sys/types.h>
| #endif
| #ifdef HAVE_SYS_STAT_H
| # include <sys/stat.h>
| #endif
| #ifdef STDC_HEADERS
| # include <stdlib.h>
| # include <stddef.h>
| #else
| # ifdef HAVE_STDLIB_H
| #  include <stdlib.h>
| # endif
| #endif
| #ifdef HAVE_STRING_H
| # if !defined STDC_HEADERS && defined HAVE_MEMORY_H
| #  include <memory.h>
| # endif
| # include <string.h>
| #endif
| #ifdef HAVE_STRINGS_H
| # include <strings.h>
| #endif
| #ifdef HAVE_INTTYPES_H
| # include <inttypes.h>
| #endif
| #ifdef HAVE_STDINT_H
| # include <stdint.h>
| #endif
| #ifdef HAVE_UNISTD_H
| # include <unistd.h>
| #endif
| #include <windows.h>
configure:16752: result: no
configure:16752: checking windows.h presence
configure:16752: emcc -E  -DLIBSSH2DEBUG conftest.c
conftest.c:41:10: fatal error: 'windows.h' file not found
#include <windows.h>
         ^
1 error generated.
configure:16752: $? = 1
configure: failed program was:
| /* confdefs.h */
| #define PACKAGE_NAME "libssh2"
| #define PACKAGE_TARNAME "libssh2"
| #define PACKAGE_VERSION "-"
| #define PACKAGE_STRING "libssh2 -"
| #define PACKAGE_BUGREPORT "libssh2-devel@cool.haxx.se"
| #define PACKAGE_URL ""
| #define PACKAGE "libssh2"
| #define VERSION "-"
| #define STDC_HEADERS 1
| #define HAVE_SYS_TYPES_H 1
| #define HAVE_SYS_STAT_H 1
| #define HAVE_STDLIB_H 1
| #define HAVE_STRING_H 1
| #define HAVE_MEMORY_H 1
| #define HAVE_STRINGS_H 1
| #define HAVE_INTTYPES_H 1
| #define HAVE_STDINT_H 1
| #define HAVE_UNISTD_H 1
| #define HAVE_LONGLONG 1
| #define HAVE_DLFCN_H 1
| #define LT_OBJDIR ".libs/"
| #define HAVE_LIBSSL 1
| #define LIBSSH2_OPENSSL 1
| #define HAVE_EVP_AES_128_CTR 1
| #define LIBSSH2_DH_GEX_NEW 1
| #define HAVE_ERRNO_H 1
| #define HAVE_FCNTL_H 1
| #define HAVE_STDIO_H 1
| #define HAVE_STDLIB_H 1
| #define HAVE_UNISTD_H 1
| #define HAVE_SYS_UIO_H 1
| #define HAVE_SYS_SELECT_H 1
| #define HAVE_SYS_SOCKET_H 1
| #define HAVE_SYS_IOCTL_H 1
| #define HAVE_SYS_TIME_H 1
| #define HAVE_ARPA_INET_H 1
| #define HAVE_NETINET_IN_H 1
| #define HAVE_SYS_UN_H 1
| /* end confdefs.h.  */
| #include <windows.h>
configure:16752: result: no
configure:16752: checking for windows.h
configure:16752: result: no
configure:16752: checking winsock2.h usability
configure:16752: emcc -c  -I/home/new/gitcode/jterm/openssl-1.0.1j/include -g -W -Wall -Wwrite-strings -pedantic -Wpointer-arith -Wnested-externs -Winline -Wmissing-prototypes  -DLIBSSH2DEBUG conftest.c >&5
conftest.c:74:10: fatal error: 'winsock2.h' file not found
#include <winsock2.h>
         ^
1 error generated.
configure:16752: $? = 1
configure: failed program was:
| /* confdefs.h */
| #define PACKAGE_NAME "libssh2"
| #define PACKAGE_TARNAME "libssh2"
| #define PACKAGE_VERSION "-"
| #define PACKAGE_STRING "libssh2 -"
| #define PACKAGE_BUGREPORT "libssh2-devel@cool.haxx.se"
| #define PACKAGE_URL ""
| #define PACKAGE "libssh2"
| #define VERSION "-"
| #define STDC_HEADERS 1
| #define HAVE_SYS_TYPES_H 1
| #define HAVE_SYS_STAT_H 1
| #define HAVE_STDLIB_H 1
| #define HAVE_STRING_H 1
| #define HAVE_MEMORY_H 1
| #define HAVE_STRINGS_H 1
| #define HAVE_INTTYPES_H 1
| #define HAVE_STDINT_H 1
| #define HAVE_UNISTD_H 1
| #define HAVE_LONGLONG 1
| #define HAVE_DLFCN_H 1
| #define LT_OBJDIR ".libs/"
| #define HAVE_LIBSSL 1
| #define LIBSSH2_OPENSSL 1
| #define HAVE_EVP_AES_128_CTR 1
| #define LIBSSH2_DH_GEX_NEW 1
| #define HAVE_ERRNO_H 1
| #define HAVE_FCNTL_H 1
| #define HAVE_STDIO_H 1
| #define HAVE_STDLIB_H 1
| #define HAVE_UNISTD_H 1
| #define HAVE_SYS_UIO_H 1
| #define HAVE_SYS_SELECT_H 1
| #define HAVE_SYS_SOCKET_H 1
| #define HAVE_SYS_IOCTL_H 1
| #define HAVE_SYS_TIME_H 1
| #define HAVE_ARPA_INET_H 1
| #define HAVE_NETINET_IN_H 1
| #define HAVE_SYS_UN_H 1
| /* end confdefs.h.  */
| #include <stdio.h>
| #ifdef HAVE_SYS_TYPES_H
| # include <sys/types.h>
| #endif
| #ifdef HAVE_SYS_STAT_H
| # include <sys/stat.h>
| #endif
| #ifdef STDC_HEADERS
| # include <stdlib.h>
| # include <stddef.h>
| #else
| # ifdef HAVE_STDLIB_H
| #  include <stdlib.h>
| # endif
| #endif
| #ifdef HAVE_STRING_H
| # if !defined STDC_HEADERS && defined HAVE_MEMORY_H
| #  include <memory.h>
| # endif
| # include <string.h>
| #endif
| #ifdef HAVE_STRINGS_H
| # include <strings.h>
| #endif
| #ifdef HAVE_INTTYPES_H
| # include <inttypes.h>
| #endif
| #ifdef HAVE_STDINT_H
| # include <stdint.h>
| #endif
| #ifdef HAVE_UNISTD_H
| # include <unistd.h>
| #endif
| #include <winsock2.h>
configure:16752: result: no
configure:16752: checking winsock2.h presence
configure:16752: emcc -E  -DLIBSSH2DEBUG conftest.c
conftest.c:41:10: fatal error: 'winsock2.h' file not found
#include <winsock2.h>
         ^
1 error generated.
configure:16752: $? = 1
configure: failed program was:
| /* confdefs.h */
| #define PACKAGE_NAME "libssh2"
| #define PACKAGE_TARNAME "libssh2"
| #define PACKAGE_VERSION "-"
| #define PACKAGE_STRING "libssh2 -"
| #define PACKAGE_BUGREPORT "libssh2-devel@cool.haxx.se"
| #define PACKAGE_URL ""
| #define PACKAGE "libssh2"
| #define VERSION "-"
| #define STDC_HEADERS 1
| #define HAVE_SYS_TYPES_H 1
| #define HAVE_SYS_STAT_H 1
| #define HAVE_STDLIB_H 1
| #define HAVE_STRING_H 1
| #define HAVE_MEMORY_H 1
| #define HAVE_STRINGS_H 1
| #define HAVE_INTTYPES_H 1
| #define HAVE_STDINT_H 1
| #define HAVE_UNISTD_H 1
| #define HAVE_LONGLONG 1
| #define HAVE_DLFCN_H 1
| #define LT_OBJDIR ".libs/"
| #define HAVE_LIBSSL 1
| #define LIBSSH2_OPENSSL 1
| #define HAVE_EVP_AES_128_CTR 1
| #define LIBSSH2_DH_GEX_NEW 1
| #define HAVE_ERRNO_H 1
| #define HAVE_FCNTL_H 1
| #define HAVE_STDIO_H 1
| #define HAVE_STDLIB_H 1
| #define HAVE_UNISTD_H 1
| #define HAVE_SYS_UIO_H 1
| #define HAVE_SYS_SELECT_H 1
| #define HAVE_SYS_SOCKET_H 1
| #define HAVE_SYS_IOCTL_H 1
| #define HAVE_SYS_TIME_H 1
| #define HAVE_ARPA_INET_H 1
| #define HAVE_NETINET_IN_H 1
| #define HAVE_SYS_UN_H 1
| /* end confdefs.h.  */
| #include <winsock2.h>
configure:16752: result: no
configure:16752: checking for winsock2.h
configure:16752: result: no
configure:16752: checking ws2tcpip.h usability
configure:16752: emcc -c  -I/home/new/gitcode/jterm/openssl-1.0.1j/include -g -W -Wall -Wwrite-strings -pedantic -Wpointer-arith -Wnested-externs -Winline -Wmissing-prototypes  -DLIBSSH2DEBUG conftest.c >&5
conftest.c:74:10: fatal error: 'ws2tcpip.h' file not found
#include <ws2tcpip.h>
         ^
1 error generated.
configure:16752: $? = 1
configure: failed program was:
| /* confdefs.h */
| #define PACKAGE_NAME "libssh2"
| #define PACKAGE_TARNAME "libssh2"
| #define PACKAGE_VERSION "-"
| #define PACKAGE_STRING "libssh2 -"
| #define PACKAGE_BUGREPORT "libssh2-devel@cool.haxx.se"
| #define PACKAGE_URL ""
| #define PACKAGE "libssh2"
| #define VERSION "-"
| #define STDC_HEADERS 1
| #define HAVE_SYS_TYPES_H 1
| #define HAVE_SYS_STAT_H 1
| #define HAVE_STDLIB_H 1
| #define HAVE_STRING_H 1
| #define HAVE_MEMORY_H 1
| #define HAVE_STRINGS_H 1
| #define HAVE_INTTYPES_H 1
| #define HAVE_STDINT_H 1
| #define HAVE_UNISTD_H 1
| #define HAVE_LONGLONG 1
| #define HAVE_DLFCN_H 1
| #define LT_OBJDIR ".libs/"
| #define HAVE_LIBSSL 1
| #define LIBSSH2_OPENSSL 1
| #define HAVE_EVP_AES_128_CTR 1
| #define LIBSSH2_DH_GEX_NEW 1
| #define HAVE_ERRNO_H 1
| #define HAVE_FCNTL_H 1
| #define HAVE_STDIO_H 1
| #define HAVE_STDLIB_H 1
| #define HAVE_UNISTD_H 1
| #define HAVE_SYS_UIO_H 1
| #define HAVE_SYS_SELECT_H 1
| #define HAVE_SYS_SOCKET_H 1
| #define HAVE_SYS_IOCTL_H 1
| #define HAVE_SYS_TIME_H 1
| #define HAVE_ARPA_INET_H 1
| #define HAVE_NETINET_IN_H 1
| #define HAVE_SYS_UN_H 1
| /* end confdefs.h.  */
| #include <stdio.h>
| #ifdef HAVE_SYS_TYPES_H
| # include <sys/types.h>
| #endif
| #ifdef HAVE_SYS_STAT_H
| # include <sys/stat.h>
| #endif
| #ifdef STDC_HEADERS
| # include <stdlib.h>
| # include <stddef.h>
| #else
| # ifdef HAVE_STDLIB_H
| #  include <stdlib.h>
| # endif
| #endif
| #ifdef HAVE_STRING_H
| # if !defined STDC_HEADERS && defined HAVE_MEMORY_H
| #  include <memory.h>
| # endif
| # include <string.h>
| #endif
| #ifdef HAVE_STRINGS_H
| # include <strings.h>
| #endif
| #ifdef HAVE_INTTYPES_H
| # include <inttypes.h>
| #endif
| #ifdef HAVE_STDINT_H
| # include <stdint.h>
| #endif
| #ifdef HAVE_UNISTD_H
| # include <unistd.h>
| #endif
| #include <ws2tcpip.h>
configure:16752: result: no
configure:16752: checking ws2tcpip.h presence
configure:16752: emcc -E  -DLIBSSH2DEBUG conftest.c
conftest.c:41:10: fatal error: 'ws2tcpip.h' file not found
#include <ws2tcpip.h>
         ^
1 error generated.
configure:16752: $? = 1
configure: failed program was:
| /* confdefs.h */
| #define PACKAGE_NAME "libssh2"
| #define PACKAGE_TARNAME "libssh2"
| #define PACKAGE_VERSION "-"
| #define PACKAGE_STRING "libssh2 -"
| #define PACKAGE_BUGREPORT "libssh2-devel@cool.haxx.se"
| #define PACKAGE_URL ""
| #define PACKAGE "libssh2"
| #define VERSION "-"
| #define STDC_HEADERS 1
| #define HAVE_SYS_TYPES_H 1
| #define HAVE_SYS_STAT_H 1
| #define HAVE_STDLIB_H 1
| #define HAVE_STRING_H 1
| #define HAVE_MEMORY_H 1
| #define HAVE_STRINGS_H 1
| #define HAVE_INTTYPES_H 1
| #define HAVE_STDINT_H 1
| #define HAVE_UNISTD_H 1
| #define HAVE_LONGLONG 1
| #define HAVE_DLFCN_H 1
| #define LT_OBJDIR ".libs/"
| #define HAVE_LIBSSL 1
| #define LIBSSH2_OPENSSL 1
| #define HAVE_EVP_AES_128_CTR 1
| #define LIBSSH2_DH_GEX_NEW 1
| #define HAVE_ERRNO_H 1
| #define HAVE_FCNTL_H 1
| #define HAVE_STDIO_H 1
| #define HAVE_STDLIB_H 1
| #define HAVE_UNISTD_H 1
| #define HAVE_SYS_UIO_H 1
| #define HAVE_SYS_SELECT_H 1
| #define HAVE_SYS_SOCKET_H 1
| #define HAVE_SYS_IOCTL_H 1
| #define HAVE_SYS_TIME_H 1
| #define HAVE_ARPA_INET_H 1
| #define HAVE_NETINET_IN_H 1
| #define HAVE_SYS_UN_H 1
| /* end confdefs.h.  */
| #include <ws2tcpip.h>
configure:16752: result: no
configure:16752: checking for ws2tcpip.h
configure:16752: result: no
configure:16773: checking for poll
configure:16773: emcc -o conftest  -I/home/new/gitcode/jterm/openssl-1.0.1j/include -g -W -Wall -Wwrite-strings -pedantic -Wpointer-arith -Wnested-externs -Winline -Wmissing-prototypes  -DLIBSSH2DEBUG  conftest.c  >&5
configure:16773: $? = 0
configure:16773: result: yes
configure:16788: checking for gettimeofday
configure:16788: emcc -o conftest  -I/home/new/gitcode/jterm/openssl-1.0.1j/include -g -W -Wall -Wwrite-strings -pedantic -Wpointer-arith -Wnested-externs -Winline -Wmissing-prototypes  -DLIBSSH2DEBUG  conftest.c  >&5
configure:16788: $? = 0
configure:16788: result: yes
configure:16788: checking for select
configure:16788: emcc -o conftest  -I/home/new/gitcode/jterm/openssl-1.0.1j/include -g -W -Wall -Wwrite-strings -pedantic -Wpointer-arith -Wnested-externs -Winline -Wmissing-prototypes  -DLIBSSH2DEBUG  conftest.c  >&5
configure:16788: $? = 0
configure:16788: result: yes
configure:16788: checking for strtoll
configure:16788: emcc -o conftest  -I/home/new/gitcode/jterm/openssl-1.0.1j/include -g -W -Wall -Wwrite-strings -pedantic -Wpointer-arith -Wnested-externs -Winline -Wmissing-prototypes  -DLIBSSH2DEBUG  conftest.c  >&5
configure:16788: $? = 0
configure:16788: result: yes
configure:16842: checking for size_t
configure:16842: emcc -c  -I/home/new/gitcode/jterm/openssl-1.0.1j/include -g -W -Wall -Wwrite-strings -pedantic -Wpointer-arith -Wnested-externs -Winline -Wmissing-prototypes  -DLIBSSH2DEBUG conftest.c >&5
configure:16842: $? = 0
configure:16842: emcc -c  -I/home/new/gitcode/jterm/openssl-1.0.1j/include -g -W -Wall -Wwrite-strings -pedantic -Wpointer-arith -Wnested-externs -Winline -Wmissing-prototypes  -DLIBSSH2DEBUG conftest.c >&5
conftest.c:81:21: error: expected expression
if (sizeof ((size_t)))
                    ^
1 error generated.
configure:16842: $? = 1
configure: failed program was:
| /* confdefs.h */
| #define PACKAGE_NAME "libssh2"
| #define PACKAGE_TARNAME "libssh2"
| #define PACKAGE_VERSION "-"
| #define PACKAGE_STRING "libssh2 -"
| #define PACKAGE_BUGREPORT "libssh2-devel@cool.haxx.se"
| #define PACKAGE_URL ""
| #define PACKAGE "libssh2"
| #define VERSION "-"
| #define STDC_HEADERS 1
| #define HAVE_SYS_TYPES_H 1
| #define HAVE_SYS_STAT_H 1
| #define HAVE_STDLIB_H 1
| #define HAVE_STRING_H 1
| #define HAVE_MEMORY_H 1
| #define HAVE_STRINGS_H 1
| #define HAVE_INTTYPES_H 1
| #define HAVE_STDINT_H 1
| #define HAVE_UNISTD_H 1
| #define HAVE_LONGLONG 1
| #define HAVE_DLFCN_H 1
| #define LT_OBJDIR ".libs/"
| #define HAVE_LIBSSL 1
| #define LIBSSH2_OPENSSL 1
| #define HAVE_EVP_AES_128_CTR 1
| #define LIBSSH2_DH_GEX_NEW 1
| #define HAVE_ERRNO_H 1
| #define HAVE_FCNTL_H 1
| #define HAVE_STDIO_H 1
| #define HAVE_STDLIB_H 1
| #define HAVE_UNISTD_H 1
| #define HAVE_SYS_UIO_H 1
| #define HAVE_SYS_SELECT_H 1
| #define HAVE_SYS_SOCKET_H 1
| #define HAVE_SYS_IOCTL_H 1
| #define HAVE_SYS_TIME_H 1
| #define HAVE_ARPA_INET_H 1
| #define HAVE_NETINET_IN_H 1
| #define HAVE_SYS_UN_H 1
| #define HAVE_POLL 1
| #define HAVE_GETTIMEOFDAY 1
| #define HAVE_SELECT 1
| #define HAVE_STRTOLL 1
| /* end confdefs.h.  */
| #include <stdio.h>
| #ifdef HAVE_SYS_TYPES_H
| # include <sys/types.h>
| #endif
| #ifdef HAVE_SYS_STAT_H
| # include <sys/stat.h>
| #endif
| #ifdef STDC_HEADERS
| # include <stdlib.h>
| # include <stddef.h>
| #else
| # ifdef HAVE_STDLIB_H
| #  include <stdlib.h>
| # endif
| #endif
| #ifdef HAVE_STRING_H
| # if !defined STDC_HEADERS && defined HAVE_MEMORY_H
| #  include <memory.h>
| # endif
| # include <string.h>
| #endif
| #ifdef HAVE_STRINGS_H
| # include <strings.h>
| #endif
| #ifdef HAVE_INTTYPES_H
| # include <inttypes.h>
| #endif
| #ifdef HAVE_STDINT_H
| # include <stdint.h>
| #endif
| #ifdef HAVE_UNISTD_H
| # include <unistd.h>
| #endif
| int
| main ()
| {
| if (sizeof ((size_t)))
| 	    return 0;
|   ;
|   return 0;
| }
configure:16842: result: yes
configure:16855: checking for working alloca.h
configure:16872: emcc -o conftest  -I/home/new/gitcode/jterm/openssl-1.0.1j/include -g -W -Wall -Wwrite-strings -pedantic -Wpointer-arith -Wnested-externs -Winline -Wmissing-prototypes  -DLIBSSH2DEBUG  conftest.c  >&5
configure:16872: $? = 0
configure:16880: result: yes
configure:16888: checking for alloca
configure:16925: emcc -o conftest  -I/home/new/gitcode/jterm/openssl-1.0.1j/include -g -W -Wall -Wwrite-strings -pedantic -Wpointer-arith -Wnested-externs -Winline -Wmissing-prototypes  -DLIBSSH2DEBUG  conftest.c  >&5
configure:16925: $? = 0
configure:16933: result: yes
configure:17041: checking for an ANSI C-conforming const
configure:17107: emcc -c  -I/home/new/gitcode/jterm/openssl-1.0.1j/include -g -W -Wall -Wwrite-strings -pedantic -Wpointer-arith -Wnested-externs -Winline -Wmissing-prototypes  -DLIBSSH2DEBUG conftest.c >&5
configure:17107: $? = 0
configure:17114: result: yes
configure:17122: checking for inline
configure:17138: emcc -c  -I/home/new/gitcode/jterm/openssl-1.0.1j/include -g -W -Wall -Wwrite-strings -pedantic -Wpointer-arith -Wnested-externs -Winline -Wmissing-prototypes  -DLIBSSH2DEBUG conftest.c >&5
configure:17138: $? = 0
configure:17146: result: inline
configure:17166: checking non-blocking sockets style
configure:17204: emcc -c  -I/home/new/gitcode/jterm/openssl-1.0.1j/include -g -W -Wall -Wwrite-strings -pedantic -Wpointer-arith -Wnested-externs -Winline -Wmissing-prototypes  -DLIBSSH2DEBUG conftest.c >&5
conftest.c:74:21: warning: variable 'socket' is uninitialized when used here [-Wuninitialized]
  int flags = fcntl(socket, F_SETFL, flags | O_NONBLOCK);
                    ^~~~~~
conftest.c:73:13: note: initialize the variable 'socket' to silence this warning
  int socket;
            ^
             = 0
conftest.c:74:38: warning: variable 'flags' is uninitialized when used within its own initialization [-Wuninitialized]
  int flags = fcntl(socket, F_SETFL, flags | O_NONBLOCK);
      ~~~~~                          ^~~~~
2 warnings generated.
configure:17204: $? = 0
configure:17365: result: O_NONBLOCK
configure:17489: checking that generated files are newer than configure
configure:17495: result: done
configure:17547: creating ./config.status

## ---------------------- ##
## Running config.status. ##
## ---------------------- ##

This file was extended by libssh2 config.status -, which was
generated by GNU Autoconf 2.69.  Invocation command line was

  CONFIG_FILES    = 
  CONFIG_HEADERS  = 
  CONFIG_LINKS    = 
  CONFIG_COMMANDS = 
  $ ./config.status 

on navlaptop

config.status:1153: creating Makefile
config.status:1153: creating src/Makefile
config.status:1153: creating tests/Makefile
config.status:1153: creating example/Makefile
config.status:1153: creating docs/Makefile
config.status:1153: creating libssh2.pc
config.status:1153: creating src/libssh2_config.h
config.status:1153: creating example/libssh2_config.h
config.status:1382: executing depfiles commands
config.status:1382: executing libtool commands
configure:19796: summary of build options:

  version:          1.4.4_DEV
  Host type:        x86_64-unknown-linux-gnu
  Install prefix:   /usr/local
  Compiler:         emcc
  Compiler flags:    -I/home/new/gitcode/jterm/openssl-1.0.1j/include -g -W -Wall -Wwrite-strings -pedantic -Wpointer-arith -Wnested-externs -Winline -Wmissing-prototypes
  Library types:    Shared=yes, Static=yes
  Crypto library:   OpenSSL (AES-CTR: yes)
  Debug build:      yes
  Build examples:   yes
  Path to sshd:     /usr/sbin/sshd (only for self-tests)
  zlib compression: no


## ---------------- ##
## Cache variables. ##
## ---------------- ##

ac_cv_build=x86_64-unknown-linux-gnu
ac_cv_c_bigendian=no
ac_cv_c_compiler_gnu=yes
ac_cv_c_const=yes
ac_cv_c_inline=inline
ac_cv_env_CC_set=set
ac_cv_env_CC_value=emcc
ac_cv_env_CFLAGS_set=set
ac_cv_env_CFLAGS_value=-I/home/new/gitcode/jterm/openssl-1.0.1j/include
ac_cv_env_CPPFLAGS_set=
ac_cv_env_CPPFLAGS_value=
ac_cv_env_CPP_set=
ac_cv_env_CPP_value=
ac_cv_env_LDFLAGS_set=
ac_cv_env_LDFLAGS_value=
ac_cv_env_LIBS_set=
ac_cv_env_LIBS_value=
ac_cv_env_build_alias_set=
ac_cv_env_build_alias_value=
ac_cv_env_host_alias_set=
ac_cv_env_host_alias_value=
ac_cv_env_target_alias_set=
ac_cv_env_target_alias_value=
ac_cv_func_EVP_aes_128_ctr=yes
ac_cv_func_alloca_works=yes
ac_cv_func_gettimeofday=yes
ac_cv_func_poll=yes
ac_cv_func_select=yes
ac_cv_func_strtoll=yes
ac_cv_header_arpa_inet_h=yes
ac_cv_header_dlfcn_h=yes
ac_cv_header_errno_h=yes
ac_cv_header_fcntl_h=yes
ac_cv_header_inttypes_h=yes
ac_cv_header_memory_h=yes
ac_cv_header_netinet_in_h=yes
ac_cv_header_stdc=yes
ac_cv_header_stdint_h=yes
ac_cv_header_stdio_h=yes
ac_cv_header_stdlib_h=yes
ac_cv_header_string_h=yes
ac_cv_header_strings_h=yes
ac_cv_header_sys_ioctl_h=yes
ac_cv_header_sys_select_h=yes
ac_cv_header_sys_socket_h=yes
ac_cv_header_sys_stat_h=yes
ac_cv_header_sys_time_h=yes
ac_cv_header_sys_types_h=yes
ac_cv_header_sys_uio_h=yes
ac_cv_header_sys_un_h=yes
ac_cv_header_unistd_h=yes
ac_cv_header_windows_h=no
ac_cv_header_winsock2_h=no
ac_cv_header_ws2tcpip_h=no
ac_cv_host=x86_64-unknown-linux-gnu
ac_cv_libssl=yes
ac_cv_libz=no
ac_cv_objext=o
ac_cv_path_EGREP='/bin/grep -E'
ac_cv_path_FGREP='/bin/grep -F'
ac_cv_path_GREP=/bin/grep
ac_cv_path_SED=/bin/sed
ac_cv_path_SSHD=/usr/sbin/sshd
ac_cv_path_install='/usr/bin/install -c'
ac_cv_path_mkdir=/bin/mkdir
ac_cv_prog_AWK=gawk
ac_cv_prog_CPP='emcc -E'
ac_cv_prog_ac_ct_AR=ar
ac_cv_prog_ac_ct_CC=emcc
ac_cv_prog_ac_ct_DLLTOOL=dlltool
ac_cv_prog_ac_ct_MANIFEST_TOOL=mt
ac_cv_prog_ac_ct_OBJDUMP=objdump
ac_cv_prog_ac_ct_RANLIB=ranlib
ac_cv_prog_ac_ct_STRIP=strip
ac_cv_prog_cc_c89=
ac_cv_prog_cc_g=yes
ac_cv_prog_make_make_set=yes
ac_cv_search_inet_addr='none required'
ac_cv_search_socket='none required'
ac_cv_sys_file_offset_bits=unknown
ac_cv_sys_large_files=unknown
ac_cv_sys_largefile_CC=no
ac_cv_type_long_long=yes
ac_cv_type_size_t=yes
ac_cv_working_alloca_h=yes
acl_cv_hardcode_direct=no
acl_cv_hardcode_libdir_flag_spec='${wl}-rpath ${wl}$libdir'
acl_cv_hardcode_libdir_separator=
acl_cv_hardcode_minus_L=no
acl_cv_libext=a
acl_cv_libname_spec='lib$name'
acl_cv_library_names_spec='$libname$shrext'
acl_cv_path_LD='/usr/bin/ld -m elf_x86_64'
acl_cv_prog_gnu_ld=yes
acl_cv_rpath=done
acl_cv_shlibext=so
acl_cv_wl=-Wl,
am_cv_CC_dependencies_compiler_type=gcc3
am_cv_make_support_nested_variables=yes
am_cv_prog_cc_c_o=yes
lt_cv_ar_at_file=@
lt_cv_archive_cmds_need_lc=yes
lt_cv_deplibs_check_method=pass_all
lt_cv_file_magic_cmd='$MAGIC_CMD'
lt_cv_file_magic_test_file=
lt_cv_ld_reload_flag=-r
lt_cv_nm_interface='BSD nm'
lt_cv_objdir=.libs
lt_cv_path_LD=/usr/bin/ld
lt_cv_path_NM='/usr/bin/nm -B'
lt_cv_path_mainfest_tool=no
lt_cv_prog_compiler_c_o=yes
lt_cv_prog_compiler_pic='-fPIC -DPIC'
lt_cv_prog_compiler_pic_works=yes
lt_cv_prog_compiler_rtti_exceptions=yes
lt_cv_prog_compiler_static_works=yes
lt_cv_prog_gnu_ld=yes
lt_cv_sharedlib_from_linklib_cmd='printf %s\n'
lt_cv_shlibpath_overrides_runpath=no
lt_cv_sys_global_symbol_pipe='sed -n -e '\''s/^.*[	 ]\([ABCDGIRSTW][ABCDGIRSTW]*\)[	 ][	 ]*\([_A-Za-z][_A-Za-z0-9]*\)$/\1 \2 \2/p'\'' | sed '\''/ __gnu_lto/d'\'''
lt_cv_sys_global_symbol_to_c_name_address='sed -n -e '\''s/^: \([^ ]*\)[ ]*$/  {\"\1\", (void *) 0},/p'\'' -e '\''s/^[ABCDGIRSTW]* \([^ ]*\) \([^ ]*\)$/  {"\2", (void *) \&\2},/p'\'''
lt_cv_sys_global_symbol_to_c_name_address_lib_prefix='sed -n -e '\''s/^: \([^ ]*\)[ ]*$/  {\"\1\", (void *) 0},/p'\'' -e '\''s/^[ABCDGIRSTW]* \([^ ]*\) \(lib[^ ]*\)$/  {"\2", (void *) \&\2},/p'\'' -e '\''s/^[ABCDGIRSTW]* \([^ ]*\) \([^ ]*\)$/  {"lib\2", (void *) \&\2},/p'\'''
lt_cv_sys_global_symbol_to_cdecl='sed -n -e '\''s/^T .* \(.*\)$/extern int \1();/p'\'' -e '\''s/^[ABCDGIRSTW]* .* \(.*\)$/extern char \1;/p'\'''
lt_cv_sys_max_cmd_len=1572864
lt_cv_to_host_file_cmd=func_convert_file_noop
lt_cv_to_tool_file_cmd=func_convert_file_noop

## ----------------- ##
## Output variables. ##
## ----------------- ##

ACLOCAL='${SHELL} /home/new/gitcode/jterm/libssh2/missing aclocal-1.14'
ALLOCA=''
AMDEPBACKSLASH='\'
AMDEP_FALSE='#'
AMDEP_TRUE=''
AMTAR='$${TAR-tar}'
AM_BACKSLASH='\'
AM_DEFAULT_V='$(AM_DEFAULT_VERBOSITY)'
AM_DEFAULT_VERBOSITY='1'
AM_V='$(V)'
AR='ar'
AS='as'
AUTOCONF='${SHELL} /home/new/gitcode/jterm/libssh2/missing autoconf'
AUTOHEADER='${SHELL} /home/new/gitcode/jterm/libssh2/missing autoheader'
AUTOMAKE='${SHELL} /home/new/gitcode/jterm/libssh2/missing automake-1.14'
AWK='gawk'
BUILD_EXAMPLES_FALSE='#'
BUILD_EXAMPLES_TRUE=''
CC='emcc'
CCDEPMODE='depmode=gcc3'
CFLAGS=' -I/home/new/gitcode/jterm/openssl-1.0.1j/include -g -W -Wall -Wwrite-strings -pedantic -Wpointer-arith -Wnested-externs -Winline -Wmissing-prototypes'
CPP='emcc -E'
CPPFLAGS=' -DLIBSSH2DEBUG'
CYGPATH_W='echo'
DEFS='-DHAVE_CONFIG_H'
DEPDIR='.deps'
DLLTOOL='dlltool'
DSYMUTIL=''
DUMPBIN=''
ECHO_C=''
ECHO_N='-n'
ECHO_T=''
EGREP='/bin/grep -E'
EXEEXT=''
FGREP='/bin/grep -F'
GREP='/bin/grep'
HAVE_LIBBCRYPT=''
HAVE_LIBCRYPT32=''
HAVE_LIBGCRYPT=''
HAVE_LIBSSL='yes'
HAVE_LIBZ='no'
HAVE_SYS_UN_H_FALSE='#'
HAVE_SYS_UN_H_TRUE=''
INSTALL_DATA='${INSTALL} -m 644'
INSTALL_PROGRAM='${INSTALL}'
INSTALL_SCRIPT='${INSTALL}'
INSTALL_STRIP_PROGRAM='$(install_sh) -c -s'
LD='/usr/bin/ld -m elf_x86_64'
LDFLAGS=''
LIBBCRYPT=''
LIBBCRYPT_PREFIX=''
LIBCRYPT32=''
LIBCRYPT32_PREFIX=''
LIBGCRYPT=''
LIBGCRYPT_FALSE=''
LIBGCRYPT_PREFIX=''
LIBGCRYPT_TRUE='#'
LIBOBJS=''
LIBS=''
LIBSREQUIRED='libssl,libcrypto'
LIBSSH2VER='1.4.4_DEV'
LIBSSL='-lssl -lcrypto'
LIBSSL_PREFIX=''
LIBTOOL='$(SHELL) $(top_builddir)/libtool'
LIBZ=''
LIBZ_PREFIX=''
LIPO=''
LN_S='ln -s'
LTLIBBCRYPT=''
LTLIBCRYPT32=''
LTLIBGCRYPT=''
LTLIBOBJS=''
LTLIBSSL='-lssl -lcrypto'
LTLIBZ=''
MAINT='#'
MAINTAINER_MODE_FALSE=''
MAINTAINER_MODE_TRUE='#'
MAKEINFO='${SHELL} /home/new/gitcode/jterm/libssh2/missing makeinfo'
MANIFEST_TOOL=':'
MKDIR_P='/bin/mkdir -p'
NM='/usr/bin/nm -B'
NMEDIT=''
OBJDUMP='objdump'
OBJEXT='o'
OPENSSL_FALSE='#'
OPENSSL_TRUE=''
OTOOL64=''
OTOOL=''
PACKAGE='libssh2'
PACKAGE_BUGREPORT='libssh2-devel@cool.haxx.se'
PACKAGE_NAME='libssh2'
PACKAGE_STRING='libssh2 -'
PACKAGE_TARNAME='libssh2'
PACKAGE_URL=''
PACKAGE_VERSION='-'
PATH_SEPARATOR=':'
RANLIB='ranlib'
SED='/bin/sed'
SET_MAKE=''
SHELL='/bin/bash'
SSHD='/usr/sbin/sshd'
SSHD_FALSE='#'
SSHD_TRUE=''
STRIP='strip'
VERSION='-'
WINCNG_FALSE=''
WINCNG_TRUE='#'
ac_ct_AR='ar'
ac_ct_CC='emcc'
ac_ct_DUMPBIN=''
am__EXEEXT_FALSE=''
am__EXEEXT_TRUE='#'
am__fastdepCC_FALSE='#'
am__fastdepCC_TRUE=''
am__include='include'
am__isrc=''
am__leading_dot='.'
am__nodep='_no'
am__quote=''
am__tar='$${TAR-tar} chof - "$$tardir"'
am__untar='$${TAR-tar} xf -'
bindir='${exec_prefix}/bin'
build='x86_64-unknown-linux-gnu'
build_alias=''
build_cpu='x86_64'
build_os='linux-gnu'
build_vendor='unknown'
datadir='${datarootdir}'
datarootdir='${prefix}/share'
docdir='${datarootdir}/doc/${PACKAGE_TARNAME}'
dvidir='${docdir}'
exec_prefix='${prefix}'
host='x86_64-unknown-linux-gnu'
host_alias=''
host_cpu='x86_64'
host_os='linux-gnu'
host_vendor='unknown'
htmldir='${docdir}'
includedir='${prefix}/include'
infodir='${datarootdir}/info'
install_sh='${SHELL} /home/new/gitcode/jterm/libssh2/install-sh'
libdir='${exec_prefix}/lib'
libexecdir='${exec_prefix}/libexec'
localedir='${datarootdir}/locale'
localstatedir='${prefix}/var'
mandir='${datarootdir}/man'
mkdir_p='$(MKDIR_P)'
oldincludedir='/usr/include'
pdfdir='${docdir}'
prefix='/usr/local'
program_transform_name='s,x,x,'
psdir='${docdir}'
sbindir='${exec_prefix}/sbin'
sharedstatedir='${prefix}/com'
sysconfdir='${prefix}/etc'
target_alias=''

## ----------- ##
## confdefs.h. ##
## ----------- ##

/* confdefs.h */
#define PACKAGE_NAME "libssh2"
#define PACKAGE_TARNAME "libssh2"
#define PACKAGE_VERSION "-"
#define PACKAGE_STRING "libssh2 -"
#define PACKAGE_BUGREPORT "libssh2-devel@cool.haxx.se"
#define PACKAGE_URL ""
#define PACKAGE "libssh2"
#define VERSION "-"
#define STDC_HEADERS 1
#define HAVE_SYS_TYPES_H 1
#define HAVE_SYS_STAT_H 1
#define HAVE_STDLIB_H 1
#define HAVE_STRING_H 1
#define HAVE_MEMORY_H 1
#define HAVE_STRINGS_H 1
#define HAVE_INTTYPES_H 1
#define HAVE_STDINT_H 1
#define HAVE_UNISTD_H 1
#define HAVE_LONGLONG 1
#define HAVE_DLFCN_H 1
#define LT_OBJDIR ".libs/"
#define HAVE_LIBSSL 1
#define LIBSSH2_OPENSSL 1
#define HAVE_EVP_AES_128_CTR 1
#define LIBSSH2_DH_GEX_NEW 1
#define HAVE_ERRNO_H 1
#define HAVE_FCNTL_H 1
#define HAVE_STDIO_H 1
#define HAVE_STDLIB_H 1
#define HAVE_UNISTD_H 1
#define HAVE_SYS_UIO_H 1
#define HAVE_SYS_SELECT_H 1
#define HAVE_SYS_SOCKET_H 1
#define HAVE_SYS_IOCTL_H 1
#define HAVE_SYS_TIME_H 1
#define HAVE_ARPA_INET_H 1
#define HAVE_NETINET_IN_H 1
#define HAVE_SYS_UN_H 1
#define HAVE_POLL 1
#define HAVE_GETTIMEOFDAY 1
#define HAVE_SELECT 1
#define HAVE_STRTOLL 1
#define HAVE_ALLOCA_H 1
#define HAVE_ALLOCA 1
#define HAVE_O_NONBLOCK 1

configure: exit 0
